111011100
110101010
100111110
10011000
111011111
111110111
110001101
101111011
101111111
011001001
111111111
110000011
101100111
110100000
111111111
110111011
111010
111000100
10100100
11010101
111101110
101110111
011001110
1100001
111010111
111100110
100000001
101001111
10011000
101111111
110110111
111111111
10100100
111101000
110001110
111111011
100110110
10000010
111101010
111101111
100101010
111000000
111100101
101100011
11101000
101000001
111100011
100100000
101011010
110010101
111110111
010001010
00110101
111110011
100101010
110100000
101010000
101010111
111111100
0000
110101000
01000111
101110110
111000100
100110000
01000100
11100001
100010001
10110111
110110111
001110000
110111101
100000110
111110010
101100000
110000000
110101011
100001101
111101101
011011110
11010011
101101111
111001101
1110010
1100001
11001100
11011111
111011111
10001001
100110100
100100100
101110011
101000000
01100001
11101110
111000000
101111110
10110001
110001001
100100110
11011000
110101101
110001000
10110111
10101111
11001000
10111110
110111101
101100000
101010010
010010000
11111110
101111111
100110101
111100011
110101
10111101
100000010
101111101
111100001
101011000
101110011
100001000
110000100
110010101
101001100
011110001
11000010
10111111
10111001
111011111
100101
1001101
110110100
010000000
111011000
110110100
100010111
111111101
100011101
011010111
011010100
100000000
100000010
001001000
110010010
110011101
100000100
101101110
111111110
11000101
111111110
100110010
110011111
11110001
10000100
111100001
111111101
101101011
1111101
1101110
100000000
111011011
11110000
100011010
101000111
001011001
11010000
101110111
111101011
10001000
111000000
110001000
110101111
101101000
100100111
100101111
110111111
10100011
100100101
111110110
111011000
110110111
111101001
111100010
11111111
10110001
10110001
101000000
111111110
111001110
11001000
111111111
111000010
10001101
11100100
100011011
1100111
110110001
110000100
101111111
11000001
11101001
11111111
10110000
10001000
101000101
011111010
1111110
111101100
100010000
11101100
10111111
101101100
100000101
10000000
110000000
110000000
101000
111110110
110000001
100000000
110111100
101000000
100111011
110010000
111110010
10101001
11110111
101001010
111000101
111111011
110000000
11000000
10000000
111001111
110010010
111111110
111101001
111110001
000000100
100000000
101001010
101100000
11100110
1010100
110000000
100000001
100101100
110000010
110000010
11010000
000111110
011011001
10000001
00000100
11000000
111010101
11011001
10100000
001001100
110001001
1110101
110110010
110111011
111101111
010001100
100011001
110000011
110000000
100011001
111010000
010010101
100000
100000010
111000000
110111101
111110011
101010000
100011111
111101111
111111111
11001010
101111111
101111001
100000000
10111010
11101111
101001111
110111000
110010000
100011100
100010010
000101100
01001011
110111111
110001000
11111011
11111111
1011
11111110
100110011
101100100
110000
111101110
111011111
100010000
110111100
110101111
111111010
001000010
111110111
100111101
001000100
111001000
100010100
011100010
111010011
101111111
101110000
1111101
110000100
111000111
110000000
1101100
001001010
111111011
110010111
111111000
101010011
101100000
10011011
10101010
101011101
00100011
111111110
100000011
110001100
110010100
100001010
11111011
110111101
11100001
111000001
111111010
011101001
110111011
100011111
101011101
111100010
111111101
10100111
111111111
110011011
101111100
110001
1110100
001000100
00110000
111101101
000011100
110110111
000110111
111001000
100100000
0100
100000011
101100110
010101001
11001010
101111011
110001110
11111011
101011000
111011100
10111110
00101010
111001101
001011110
001010011
110111
101111111
101101000
110111101
11000100
110000010
001110100
10000000
11101101
100110111
111101001
100101001
11010111
110010000
100101110
101001111
1100011
11010011
001000110
100010000
100011100
110001111
100110010
110001101
000101001
110101100
111001001
101000000
100000001
111000111
101011000
11111111
100110100
111011110
101000011
110011111
000011000
10010000
111101111
000001101
10101011
111111011
101011110
101000000
010010010
100000000
111000001
101001110
010010100
100101001
110110110
01010100
10100111
110000010
100000010
110001101
010101011
110101110
101110000
11101101
11110101
111010000
001000000
10000111
101000000
100000100
111001110
110001010
111000100
101101111
000001110
101111111
110111111
110001
011111010
101111110
111111100
110000011
11101000
110000010
1000011
10000111
10000000
11111110
110010011
110000001
111111011
111100011
11111010
100110000
110111101
111110110
10111000
111111010
110111111
10001100
011100101
100000101
11101011
110110001
000111001
110111111
111001011
101100101
111001000
100000001
101101100
111011000
11010001
110000011
100001000
110100100
101100110
111111010
110101111
11101000
111111001
11001101
101110101
101011100
